<?xml version="1.0" encoding="UTF-8" ?>
<testsuite tests="8" failures="0" name="com.sqli.workshop.ddd.connaissance.client.domain.service.ConnaissanceClientServiceImplTest" time="2.562" errors="0" skipped="0">
  <properties>
[...]
</properties>
  <testcase classname="com.sqli.workshop.ddd.connaissance.client.domain.service.ConnaissanceClientServiceImplTest" name="given_situation_no_client_save_return_ok" time="0.543"/>
  <testcase classname="com.sqli.workshop.ddd.connaissance.client.domain.service.ConnaissanceClientServiceImplTest" name="given_connaissance_client_null_get_should_return_empty" time="0"/>
  <testcase classname="com.sqli.workshop.ddd.connaissance.client.domain.service.ConnaissanceClientServiceImplTest" name="given_situation_save_return_ok_with_event" time="0.003"/>
  <testcase classname="com.sqli.workshop.ddd.connaissance.client.domain.service.ConnaissanceClientServiceImplTest" name="given_adresse_save_return_ok_no_event" time="0.002"/>
  <testcase classname="com.sqli.workshop.ddd.connaissance.client.domain.service.ConnaissanceClientServiceImplTest" name="given_connaissance_client_not_null_get_should_return_data" time="0.001"/>
  <testcase classname="com.sqli.workshop.ddd.connaissance.client.domain.service.ConnaissanceClientServiceImplTest" name="given_connaissanceclient_findall_return_list" time="0.001"/>
  <testcase classname="com.sqli.workshop.ddd.connaissance.client.domain.service.ConnaissanceClientServiceImplTest" name="given_adresse_save_return_ok_with_event" time="0.002"/>
  <testcase classname="com.sqli.workshop.ddd.connaissance.client.domain.service.ConnaissanceClientServiceImplTest" name="given_connaissance_client_save_return_id" time="2.01"/>
</testsuite>