<?xml version="1.0" encoding="UTF-8" ?>
<testsuite tests="3" failures="0" name="com.sqli.workshop.ddd.connaissance.client.domain.enums.SituationFamilialeTest" time="0.016" errors="0" skipped="0">
  <properties>
[...]
</properties>
  <testcase classname="com.sqli.workshop.ddd.connaissance.client.domain.enums.SituationFamilialeTest" name="given_value_2_enum_is_MARIE" time="0"/>
  <testcase classname="com.sqli.workshop.ddd.connaissance.client.domain.enums.SituationFamilialeTest" name="given_value_1_enum_is_CELIBATAIRE" time="0"/>
  <testcase classname="com.sqli.workshop.ddd.connaissance.client.domain.enums.SituationFamilialeTest" name="given_value_3_enum_throws_exception" time="0.016"/>
</testsuite>