<?xml version="1.0" encoding="UTF-8"?>
<testsuite xmlns:xsi="http://www.w3.org/2001/XMLSchema-instance" xsi:noNamespaceSchemaLocation="https://maven.apache.org/surefire/maven-surefire-plugin/xsd/surefire-test-report.xsd" name="com.sqli.pbousquet.testapi.api.impl.GoodbyeApiImplTest" time="0.014" tests="2" errors="0" skipped="0" failures="0">
  <properties>
[...]
</properties>
  <testcase name="getGoodbye_must_return_Goodbye_World" classname="com.sqli.pbousquet.testapi.api.impl.GoodbyeApiImplTest" time="0.006"/>
  <testcase name="getGoodbye_Philippe_must_return_Goodbye_Philippe" classname="com.sqli.pbousquet.testapi.api.impl.GoodbyeApiImplTest" time="0"/>
</testsuite>